<?xml version="1.0" encoding="UTF-8"?>
<!-- Generated by org.testng.reporters.JUnitXMLReporter -->
<testsuite ignored="2" hostname="Asitkarans-MacBook-Pro.local" failures="0" tests="2" name="Test" time="10.519" errors="0" timestamp="17 Nov 2024 08:34:31 GMT">
  <testcase classname="tests.LoginTest" name="TC01_LoginSuccessTest" time="0.716"/>
  <testcase classname="tests.LoginTest" name="TC02_LoginFailureTest" time="0.408"/>
  <testcase classname="tests.HomePageTest" name="TC01_AddToCartTest" time="0.0">
    <ignored/>
  </testcase> <!-- TC01_AddToCartTest -->
  <testcase classname="tests.LoginTest" name="TC03_LockedUserTest" time="0.0">
    <ignored/>
  </testcase> <!-- TC03_LockedUserTest -->
</testsuite> <!-- Test -->
