<?xml version="1.0" encoding="UTF-8"?>
<!-- Generated by org.testng.reporters.JUnitXMLReporter -->
<testsuite ignored="0" hostname="Asitkarans-MacBook-Pro.local" failures="0" tests="4" name="Test" time="20.88" errors="0" timestamp="17 Aug 2024 09:14:10 GMT">
  <testcase classname="tests.HomePageTest" name="TC01_AddToCartTest" time="1.05"/>
  <testcase classname="tests.LoginTest" name="TC01_LoginSuccessTest" time="0.525"/>
  <testcase classname="tests.LoginTest" name="TC02_LoginFailureTest" time="0.412"/>
  <testcase classname="tests.LoginTest" name="TC03_LockedUserTest" time="0.422"/>
</testsuite> <!-- Test -->
