<?xml version="1.0" encoding="UTF-8"?>
<testng-results ignored="2" total="4" passed="2" failed="0" skipped="0">
  <reporter-output>
  </reporter-output>
  <suite started-at="2024-11-17T08:34:16Z" name="Suite" finished-at="2024-11-17T08:34:26Z" duration-ms="10519">
    <groups>
      <group name="sanity">
        <method signature="LoginTest.TC01_LoginSuccessTest()[pri:0, instance:tests.LoginTest@4716be8b]" name="TC01_LoginSuccessTest" class="tests.LoginTest"/>
        <method signature="LoginTest.TC02_LoginFailureTest()[pri:0, instance:tests.LoginTest@4716be8b]" name="TC02_LoginFailureTest" class="tests.LoginTest"/>
      </group> <!-- sanity -->
    </groups>
    <test started-at="2024-11-17T08:34:16Z" name="Test" finished-at="2024-11-17T08:34:26Z" duration-ms="10519">
      <class name="tests.LoginTest">
        <test-method is-config="true" signature="setup(java.lang.String)[pri:0, instance:tests.LoginTest@4716be8b]" started-at="2024-11-17T08:34:16Z" name="setup" finished-at="2024-11-17T08:34:20Z" duration-ms="4616" status="PASS">
          <params>
            <param index="0">
              <value>
                <![CDATA[firefox]]>
              </value>
            </param>
          </params>
          <reporter-output>
          </reporter-output>
        </test-method> <!-- setup -->
        <test-method signature="TC01_LoginSuccessTest()[pri:0, instance:tests.LoginTest@4716be8b]" started-at="2024-11-17T08:34:20Z" name="TC01_LoginSuccessTest" description="This is login success test" finished-at="2024-11-17T08:34:21Z" duration-ms="716" status="PASS">
          <reporter-output>
          </reporter-output>
        </test-method> <!-- TC01_LoginSuccessTest -->
        <test-method is-config="true" signature="tearDown()[pri:0, instance:tests.LoginTest@4716be8b]" started-at="2024-11-17T08:34:21Z" name="tearDown" finished-at="2024-11-17T08:34:21Z" duration-ms="604" status="PASS">
          <reporter-output>
          </reporter-output>
        </test-method> <!-- tearDown -->
        <test-method is-config="true" signature="setup(java.lang.String)[pri:0, instance:tests.LoginTest@4716be8b]" started-at="2024-11-17T08:34:21Z" name="setup" finished-at="2024-11-17T08:34:25Z" duration-ms="3671" status="PASS">
          <params>
            <param index="0">
              <value>
                <![CDATA[firefox]]>
              </value>
            </param>
          </params>
          <reporter-output>
          </reporter-output>
        </test-method> <!-- setup -->
        <test-method signature="TC02_LoginFailureTest()[pri:0, instance:tests.LoginTest@4716be8b]" started-at="2024-11-17T08:34:25Z" name="TC02_LoginFailureTest" description="This is login failure test" finished-at="2024-11-17T08:34:26Z" duration-ms="408" status="PASS">
          <reporter-output>
          </reporter-output>
        </test-method> <!-- TC02_LoginFailureTest -->
        <test-method is-config="true" signature="tearDown()[pri:0, instance:tests.LoginTest@4716be8b]" started-at="2024-11-17T08:34:26Z" name="tearDown" finished-at="2024-11-17T08:34:26Z" duration-ms="480" status="PASS">
          <reporter-output>
          </reporter-output>
        </test-method> <!-- tearDown -->
      </class> <!-- tests.LoginTest -->
    </test> <!-- Test -->
  </suite> <!-- Suite -->
</testng-results>
