<?xml version="1.0" encoding="UTF-8"?>
<testng-results ignored="0" total="1" passed="1" failed="0" skipped="0">
  <reporter-output>
  </reporter-output>
  <suite started-at="2024-07-21T16:57:13Z" name="Default suite" finished-at="2024-07-21T16:57:19Z" duration-ms="5868">
    <groups>
    </groups>
    <test started-at="2024-07-21T16:57:13Z" name="Default test" finished-at="2024-07-21T16:57:19Z" duration-ms="5868">
      <class name="tests.HomePageTest">
        <test-method is-config="true" signature="setup()[pri:0, instance:tests.HomePageTest@56673b2c]" started-at="2024-07-21T16:57:13Z" name="setup" finished-at="2024-07-21T16:57:17Z" duration-ms="4331" status="PASS">
          <reporter-output>
          </reporter-output>
        </test-method> <!-- setup -->
        <test-method signature="TC01_AddToCartTest()[pri:0, instance:tests.HomePageTest@56673b2c]" started-at="2024-07-21T16:57:17Z" name="TC01_AddToCartTest" finished-at="2024-07-21T16:57:18Z" duration-ms="869" status="PASS">
          <reporter-output>
          </reporter-output>
        </test-method> <!-- TC01_AddToCartTest -->
        <test-method is-config="true" signature="tearDown()[pri:0, instance:tests.HomePageTest@56673b2c]" started-at="2024-07-21T16:57:18Z" name="tearDown" finished-at="2024-07-21T16:57:19Z" duration-ms="647" status="PASS">
          <reporter-output>
          </reporter-output>
        </test-method> <!-- tearDown -->
      </class> <!-- tests.HomePageTest -->
    </test> <!-- Default test -->
  </suite> <!-- Default suite -->
</testng-results>
